c:\users\luh50\desktop\project1\project1\x64\debug\vc143.pdb
c:\users\luh50\desktop\project1\project1\x64\debug\vc143.idb
c:\users\luh50\desktop\project1\project1\x64\debug\main.obj
c:\users\luh50\desktop\project1\project1\x64\debug\training02.obj
c:\users\luh50\desktop\project1\project1\x64\debug\training01.obj
c:\users\luh50\desktop\project1\x64\debug\project1.exe
c:\users\luh50\desktop\project1\project1\x64\debug\project1.ilk
c:\users\luh50\desktop\project1\x64\debug\project1.pdb
c:\users\user\desktop\3학년 2학기\컴퓨터 그래픽스\project1\project1\x64\debug\main.obj
c:\users\user\desktop\3학년 2학기\컴퓨터 그래픽스\project1\project1\x64\debug\training01.obj
c:\users\user\desktop\3학년 2학기\컴퓨터 그래픽스\project1\project1\x64\debug\training02.obj
c:\users\user\desktop\3학년 2학기\컴퓨터 그래픽스\project1\project1\x64\debug\project1.ilk
c:\users\user\desktop\3학년 2학기\컴퓨터 그래픽스\project1\project1\x64\debug\vc143.idb
c:\users\user\desktop\3학년 2학기\컴퓨터 그래픽스\project1\project1\x64\debug\vc143.pdb
c:\users\user\desktop\3학년 2학기\컴퓨터 그래픽스\project1\x64\debug\project1.pdb
c:\users\user\desktop\3학년 2학기\컴퓨터 그래픽스\project1\x64\debug\project1.exe
c:\users\user\desktop\3학년 2학기\컴퓨터 그래픽스\project1\project1\x64\debug\project1.tlog\cl.command.1.tlog
c:\users\user\desktop\3학년 2학기\컴퓨터 그래픽스\project1\project1\x64\debug\project1.tlog\cl.read.1.tlog
c:\users\user\desktop\3학년 2학기\컴퓨터 그래픽스\project1\project1\x64\debug\project1.tlog\cl.write.1.tlog
c:\users\user\desktop\3학년 2학기\컴퓨터 그래픽스\project1\project1\x64\debug\project1.tlog\link.command.1.tlog
c:\users\user\desktop\3학년 2학기\컴퓨터 그래픽스\project1\project1\x64\debug\project1.tlog\link.read.1.tlog
c:\users\user\desktop\3학년 2학기\컴퓨터 그래픽스\project1\project1\x64\debug\project1.tlog\link.write.1.tlog
