  main.cpp
C:\Users\user\Documents\GitHub\ComputerGraphicsOpenGL\Training02\main.cpp(46,1): warning C4326: 'main'의 반환 형식이 'int'이어야 하는데 'void'입니다.
C:\Users\user\Documents\GitHub\ComputerGraphicsOpenGL\Training02\main.cpp(115,22): warning C4244: '=': 'GLfloat'에서 'int'(으)로 변환하면서 데이터가 손실될 수 있습니다.
C:\Users\user\Documents\GitHub\ComputerGraphicsOpenGL\Training02\main.cpp(116,24): warning C4244: '=': 'GLfloat'에서 'int'(으)로 변환하면서 데이터가 손실될 수 있습니다.
C:\Users\user\Documents\GitHub\ComputerGraphicsOpenGL\Training02\main.cpp(117,25): warning C4244: '=': 'GLfloat'에서 'int'(으)로 변환하면서 데이터가 손실될 수 있습니다.
C:\Users\user\Documents\GitHub\ComputerGraphicsOpenGL\Training02\main.cpp(118,25): warning C4244: '=': 'GLfloat'에서 'int'(으)로 변환하면서 데이터가 손실될 수 있습니다.
C:\Users\user\Documents\GitHub\ComputerGraphicsOpenGL\Training02\main.cpp(130,43): warning C4244: '=': 'GLfloat'에서 'int'(으)로 변환하면서 데이터가 손실될 수 있습니다.
C:\Users\user\Documents\GitHub\ComputerGraphicsOpenGL\Training02\main.cpp(131,43): warning C4244: '=': 'GLfloat'에서 'int'(으)로 변환하면서 데이터가 손실될 수 있습니다.
C:\Users\user\Documents\GitHub\ComputerGraphicsOpenGL\Training02\main.cpp(132,23): warning C4244: '=': 'GLfloat'에서 'int'(으)로 변환하면서 데이터가 손실될 수 있습니다.
C:\Users\user\Documents\GitHub\ComputerGraphicsOpenGL\Training02\main.cpp(133,23): warning C4244: '=': 'GLfloat'에서 'int'(으)로 변환하면서 데이터가 손실될 수 있습니다.
C:\Users\user\Documents\GitHub\ComputerGraphicsOpenGL\Training02\main.cpp(143,24): warning C4244: '=': 'GLfloat'에서 'int'(으)로 변환하면서 데이터가 손실될 수 있습니다.
C:\Users\user\Documents\GitHub\ComputerGraphicsOpenGL\Training02\main.cpp(144,24): warning C4244: '=': 'GLfloat'에서 'int'(으)로 변환하면서 데이터가 손실될 수 있습니다.
C:\Users\user\Documents\GitHub\ComputerGraphicsOpenGL\Training02\main.cpp(145,52): warning C4244: '=': 'GLfloat'에서 'int'(으)로 변환하면서 데이터가 손실될 수 있습니다.
C:\Users\user\Documents\GitHub\ComputerGraphicsOpenGL\Training02\main.cpp(146,52): warning C4244: '=': 'GLfloat'에서 'int'(으)로 변환하면서 데이터가 손실될 수 있습니다.
C:\Users\user\Documents\GitHub\ComputerGraphicsOpenGL\Training02\main.cpp(160,45): warning C4244: '=': 'GLfloat'에서 'int'(으)로 변환하면서 데이터가 손실될 수 있습니다.
C:\Users\user\Documents\GitHub\ComputerGraphicsOpenGL\Training02\main.cpp(161,45): warning C4244: '=': 'GLfloat'에서 'int'(으)로 변환하면서 데이터가 손실될 수 있습니다.
C:\Users\user\Documents\GitHub\ComputerGraphicsOpenGL\Training02\main.cpp(162,52): warning C4244: '=': 'GLfloat'에서 'int'(으)로 변환하면서 데이터가 손실될 수 있습니다.
C:\Users\user\Documents\GitHub\ComputerGraphicsOpenGL\Training02\main.cpp(163,52): warning C4244: '=': 'GLfloat'에서 'int'(으)로 변환하면서 데이터가 손실될 수 있습니다.
C:\Users\user\Documents\GitHub\ComputerGraphicsOpenGL\Training02\main.cpp(175,29): warning C4244: '=': 'double'에서 'float'(으)로 변환하면서 데이터가 손실될 수 있습니다.
C:\Users\user\Documents\GitHub\ComputerGraphicsOpenGL\Training02\main.cpp(176,33): warning C4244: '=': 'double'에서 'float'(으)로 변환하면서 데이터가 손실될 수 있습니다.
C:\Users\user\Documents\GitHub\ComputerGraphicsOpenGL\Training02\main.cpp(177,31): warning C4244: '=': 'double'에서 'float'(으)로 변환하면서 데이터가 손실될 수 있습니다.
C:\Users\user\Documents\GitHub\ComputerGraphicsOpenGL\Training02\main.cpp(182,21): warning C4244: '=': 'double'에서 'float'(으)로 변환하면서 데이터가 손실될 수 있습니다.
C:\Users\user\Documents\GitHub\ComputerGraphicsOpenGL\Training02\main.cpp(183,24): warning C4244: '=': 'double'에서 'float'(으)로 변환하면서 데이터가 손실될 수 있습니다.
C:\Users\user\Documents\GitHub\ComputerGraphicsOpenGL\Training02\main.cpp(184,24): warning C4244: '=': 'double'에서 'float'(으)로 변환하면서 데이터가 손실될 수 있습니다.
C:\Users\user\Documents\GitHub\ComputerGraphicsOpenGL\Training02\main.cpp(189,12): warning C4244: '인수': 'time_t'에서 'unsigned int'(으)로 변환하면서 데이터가 손실될 수 있습니다.
C:\Users\user\Documents\GitHub\ComputerGraphicsOpenGL\Training02\main.cpp(194,37): warning C4244: '인수': 'int'에서 'float'(으)로 변환하면서 데이터가 손실될 수 있습니다.
C:\Users\user\Documents\GitHub\ComputerGraphicsOpenGL\Training02\main.cpp(194,34): warning C4244: '인수': 'int'에서 'float'(으)로 변환하면서 데이터가 손실될 수 있습니다.
C:\Users\user\Documents\GitHub\ComputerGraphicsOpenGL\Training02\main.cpp(194,31): warning C4244: '인수': 'int'에서 'float'(으)로 변환하면서 데이터가 손실될 수 있습니다.
C:\Users\user\Documents\GitHub\ComputerGraphicsOpenGL\Training02\main.cpp(195,34): warning C4244: '인수': 'int'에서 'float'(으)로 변환하면서 데이터가 손실될 수 있습니다.
C:\Users\user\Documents\GitHub\ComputerGraphicsOpenGL\Training02\main.cpp(195,31): warning C4244: '인수': 'int'에서 'float'(으)로 변환하면서 데이터가 손실될 수 있습니다.
C:\Users\user\Documents\GitHub\ComputerGraphicsOpenGL\Training02\main.cpp(195,28): warning C4244: '인수': 'int'에서 'float'(으)로 변환하면서 데이터가 손실될 수 있습니다.
C:\Users\user\Documents\GitHub\ComputerGraphicsOpenGL\Training02\main.cpp(201,12): warning C4244: '인수': 'time_t'에서 'unsigned int'(으)로 변환하면서 데이터가 손실될 수 있습니다.
C:\Users\user\Documents\GitHub\ComputerGraphicsOpenGL\Training02\main.cpp(264,2): warning C4065: switch문에 'default'가 있으나 'case' 레이블이 없습니다.
  Training02.vcxproj -> C:\Users\user\Documents\GitHub\ComputerGraphicsOpenGL\x64\Debug\Training02.exe
